[debug] [2026-04-02T09:09:23.709Z] ----------------------------------------------------------------------
[debug] [2026-04-02T09:09:23.716Z] Command:       /Users/ramees/.nvm/versions/node/v24.14.0/bin/node /Users/ramees/.nvm/versions/node/v24.14.0/bin/firebase init hosting
[debug] [2026-04-02T09:09:23.716Z] CLI Version:   15.11.0
[debug] [2026-04-02T09:09:23.716Z] Platform:      darwin
[debug] [2026-04-02T09:09:23.716Z] Node Version:  v24.14.0
[debug] [2026-04-02T09:09:23.716Z] Time:          Thu Apr 02 2026 14:39:23 GMT+0530 (India Standard Time)
[debug] [2026-04-02T09:09:23.716Z] ----------------------------------------------------------------------
[debug] 
[debug] [2026-04-02T09:09:23.718Z] >>> [apiv2][query] GET https://firebase-public.firebaseio.com/cli.json [none]
[info] 
     ######## #### ########  ######## ########     ###     ######  ########
     ##        ##  ##     ## ##       ##     ##  ##   ##  ##       ##
     ######    ##  ########  ######   ########  #########  ######  ######
     ##        ##  ##    ##  ##       ##     ## ##     ##       ## ##
     ##       #### ##     ## ######## ########  ##     ##  ######  ########

You're about to initialize a Firebase project in this directory:

  /Users/ramees/Documents/RideShare

Before we get started, keep in mind:

  * You are initializing within an existing Firebase project directory

[info] 
=== Project Setup
[info] 
[info] First, let's associate this project directory with a Firebase project.
[info] You can create multiple project aliases by running firebase use --add, 
[info] 
[debug] [2026-04-02T09:09:24.534Z] > command requires scopes: ["email","openid","https://www.googleapis.com/auth/cloudplatformprojects.readonly","https://www.googleapis.com/auth/firebase","https://www.googleapis.com/auth/cloud-platform"]
[debug] [2026-04-02T09:09:24.534Z] > authorizing via signed-in user (rameesmkh@gmail.com)
[debug] [2026-04-02T09:09:24.534Z] Checked if tokens are valid: false, expires at: 1774469498755
[debug] [2026-04-02T09:09:24.534Z] Checked if tokens are valid: false, expires at: 1774469498755
[debug] [2026-04-02T09:09:24.534Z] > refreshing access token with scopes: []
[debug] [2026-04-02T09:09:24.535Z] >>> [apiv2][query] POST https://www.googleapis.com/oauth2/v3/token [none]
[debug] [2026-04-02T09:09:24.535Z] >>> [apiv2][body] POST https://www.googleapis.com/oauth2/v3/token [omitted]
[debug] [2026-04-02T09:09:24.757Z] <<< [apiv2][status] POST https://www.googleapis.com/oauth2/v3/token 200
[debug] [2026-04-02T09:09:24.757Z] <<< [apiv2][body] POST https://www.googleapis.com/oauth2/v3/token [omitted]
[debug] [2026-04-02T09:09:24.771Z] >>> [apiv2][query] GET https://firebase.googleapis.com/v1beta1/projects/rideshare-6ee7f [none]
[debug] [2026-04-02T09:09:25.248Z] <<< [apiv2][status] GET https://firebase-public.firebaseio.com/cli.json 200
[debug] [2026-04-02T09:09:25.248Z] <<< [apiv2][body] GET https://firebase-public.firebaseio.com/cli.json {"cloudBuildErrorAfter":1594252800000,"cloudBuildWarnAfter":1590019200000,"defaultNode10After":1594252800000,"minVersion":"3.0.5","node8DeploysDisabledAfter":1613390400000,"node8RuntimeDisabledAfter":1615809600000,"node8WarnAfter":1600128000000}
[debug] [2026-04-02T09:09:25.448Z] <<< [apiv2][status] GET https://firebase.googleapis.com/v1beta1/projects/rideshare-6ee7f 200
[debug] [2026-04-02T09:09:25.448Z] <<< [apiv2][body] GET https://firebase.googleapis.com/v1beta1/projects/rideshare-6ee7f {"projectId":"rideshare-6ee7f","projectNumber":"859446769851","displayName":"RideShare","name":"projects/rideshare-6ee7f","resources":{"hostingSite":"rideshare-6ee7f"},"state":"ACTIVE","etag":"1_c9e5b26e-0eee-42c4-bcc1-73570018c95f"}
[info] i  Using project rideshare-6ee7f (RideShare) . 
[info] 
=== Hosting Setup
[debug] [2026-04-02T09:09:25.459Z] Checked if tokens are valid: true, expires at: 1775124563757
[debug] [2026-04-02T09:09:25.459Z] Checked if tokens are valid: true, expires at: 1775124563757
[debug] [2026-04-02T09:09:25.459Z] >>> [apiv2][query] GET https://firebase.googleapis.com/v1beta1/projects/rideshare-6ee7f [none]
[debug] [2026-04-02T09:09:25.844Z] <<< [apiv2][status] GET https://firebase.googleapis.com/v1beta1/projects/rideshare-6ee7f 200
[debug] [2026-04-02T09:09:25.844Z] <<< [apiv2][body] GET https://firebase.googleapis.com/v1beta1/projects/rideshare-6ee7f {"projectId":"rideshare-6ee7f","projectNumber":"859446769851","displayName":"RideShare","name":"projects/rideshare-6ee7f","resources":{"hostingSite":"rideshare-6ee7f"},"state":"ACTIVE","etag":"1_c9e5b26e-0eee-42c4-bcc1-73570018c95f"}
[info] 
[info] Your public directory is the folder (relative to your project directory) that
[info] will contain Hosting assets to be uploaded with firebase deploy. If you
[info] have a build process for your assets, use your build's output directory.
[info] 
[info] 
[info] i  Didn't detect a .git folder. Assuming /Users/ramees/Documents/RideShare is the project root. 
[info] i  Authorizing with GitHub to upload your service account to a GitHub repository's secrets store. 
[info] 
[info] Visit this URL on this device to log in:
[info] https://github.com/login/oauth/authorize?client_id=89cf50f02ac6aaed3484&state=1042777722&redirect_uri=http%3A%2F%2Flocalhost%3A9005&scope=read%3Auser%20repo%20public_repo
[info] 
[info] Waiting for authentication...
[debug] [2026-04-02T09:10:28.148Z] >>> [apiv2][query] POST https://github.com/login/oauth/access_token [none]
[debug] [2026-04-02T09:10:28.151Z] >>> [apiv2][body] POST https://github.com/login/oauth/access_token [stream]
[debug] [2026-04-02T09:10:28.822Z] <<< [apiv2][status] POST https://github.com/login/oauth/access_token 200
[debug] [2026-04-02T09:10:28.823Z] <<< [apiv2][body] POST https://github.com/login/oauth/access_token {"access_token":"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","token_type":"bearer","scope":"read:user,repo"}
[debug] [2026-04-02T09:10:28.828Z] >>> [apiv2][query] GET https://api.github.com/user [none]
[debug] [2026-04-02T09:10:29.347Z] <<< [apiv2][status] GET https://api.github.com/user 200
[debug] [2026-04-02T09:10:29.347Z] <<< [apiv2][body] GET https://api.github.com/user {"login":"NightCrawler0076","id":225595930,"node_id":"U_kgDODXJSGg","avatar_url":"https://avatars.githubusercontent.com/u/225595930?v=4","gravatar_id":"","url":"https://api.github.com/users/NightCrawler0076","html_url":"https://github.com/NightCrawler0076","followers_url":"https://api.github.com/users/NightCrawler0076/followers","following_url":"https://api.github.com/users/NightCrawler0076/following{/other_user}","gists_url":"https://api.github.com/users/NightCrawler0076/gists{/gist_id}","starred_url":"https://api.github.com/users/NightCrawler0076/starred{/owner}{/repo}","subscriptions_url":"https://api.github.com/users/NightCrawler0076/subscriptions","organizations_url":"https://api.github.com/users/NightCrawler0076/orgs","repos_url":"https://api.github.com/users/NightCrawler0076/repos","events_url":"https://api.github.com/users/NightCrawler0076/events{/privacy}","received_events_url":"https://api.github.com/users/NightCrawler0076/received_events","type":"User","user_view_type":"private","site_admin":false,"name":null,"company":null,"blog":"","location":null,"email":null,"hireable":null,"bio":null,"twitter_username":null,"notification_email":null,"public_repos":0,"public_gists":0,"followers":0,"following":0,"created_at":"2025-08-09T17:43:35Z","updated_at":"2026-02-26T17:09:29Z","private_gists":0,"total_private_repos":0,"owned_private_repos":0,"disk_usage":0,"collaborators":0,"two_factor_authentication":false,"plan":{"name":"free","space":976562499,"collaborators":0,"private_repos":10000}}
[info] 
[info] ✔  Success! Logged into GitHub as NightCrawler0076 
[info] 
[debug] [2026-04-02T09:10:43.997Z] >>> [apiv2][query] GET https://api.github.com/repos//actions/secrets/public-key type=owner
[debug] [2026-04-02T09:10:44.392Z] <<< [apiv2][status] GET https://api.github.com/repos//actions/secrets/public-key 404
[debug] [2026-04-02T09:10:44.392Z] <<< [apiv2][body] GET https://api.github.com/repos//actions/secrets/public-key {"message":"Not Found","documentation_url":"https://docs.github.com/rest","status":"404"}
[info] 
[info] 
[error] ⚠  The provided authorization cannot be used with this repository. If this repository is in an organization, did you remember to grant access? 
[info] 
[info] i  Action required: Visit this URL to ensure access has been granted to the appropriate organization(s) for the Firebase CLI GitHub OAuth App: 
[info] https://github.com/settings/connections/applications/89cf50f02ac6aaed3484
[info] 
[debug] [2026-04-02T09:15:10.448Z] ExitPromptError: User force closed the prompt with SIGINT
    at Interface.sigint (/Users/ramees/.nvm/versions/node/v24.14.0/lib/node_modules/firebase-tools/node_modules/@inquirer/core/dist/commonjs/lib/create-prompt.js:101:37)
    at Interface.emit (node:events:508:28)
    at [_ttyWrite] [as _ttyWrite] (node:internal/readline/interface:1327:18)
    at ReadStream.onkeypress (node:internal/readline/interface:284:20)
    at ReadStream.emit (node:events:520:35)
    at emitKeys (node:internal/readline/utils:371:14)
    at emitKeys.next (<anonymous>)
    at ReadStream.onData (node:internal/readline/emitKeypressEvents:64:36)
    at ReadStream.emit (node:events:508:28)
    at addChunk (node:internal/streams/readable:563:12)
[error] 
[error] Error: An unexpected error has occurred.
